# JRE version: OpenJDK Runtime Environment GraalVM CE 22.3.0 (17.0.5+8) (build 17.0.5+8-jvmci-22.3-b08)
# Java VM: OpenJDK 64-Bit Server VM GraalVM CE 22.3.0 (17.0.5+8-jvmci-22.3-b08, mixed mode, sharing, tiered, jvmci, jvmci compiler, compressed oops, compressed class ptrs, parallel gc, linux-amd64)
GC Precious Log:
 CPUs: 8 total, 1 available
 Memory: 1024M
 Large Page Support: Disabled
 NUMA Support: Disabled
 Compressed Oops: Enabled (32-bit)
 Alignments: Space 512K, Generation 512K, Heap 2M
 Heap Min Capacity: 100M
 Heap Initial Capacity: 100M
 Heap Max Capacity: 512M
 Pre-touch: Disabled
 Parallel Workers: 1
Heap:
 PSYoungGen      total 27136K, used 18944K [0x00000000f5580000, 0x00000000f7980000, 0x0000000100000000)
  eden space 18944K, 100% used [0x00000000f5580000,0x00000000f6800000,0x00000000f6800000)
  from space 8192K, 0% used [0x00000000f6800000,0x00000000f6800000,0x00000000f7000000)
  to   space 7168K, 0% used [0x00000000f7280000,0x00000000f7280000,0x00000000f7980000)
 ParOldGen       total 349696K, used 349695K [0x00000000e0000000, 0x00000000f5580000, 0x00000000f5580000)
  object space 349696K, 99% used [0x00000000e0000000,0x00000000f557fff0,0x00000000f5580000)
 Metaspace       used 59250K, committed 60416K, reserved 1105920K
  class space    used 5913K, committed 6336K, reserved 1048576K
GC Heap History (20 events):
Event: 422.926 GC heap before
{Heap before GC invocations=379 (full 236):
 PSYoungGen      total 27136K, used 18944K [0x00000000f5580000, 0x00000000f7980000, 0x0000000100000000)
  eden space 18944K, 100% used [0x00000000f5580000,0x00000000f6800000,0x00000000f6800000)
  from space 8192K, 0% used [0x00000000f6800000,0x00000000f6800000,0x00000000f7000000)
  to   space 7168K, 0% used [0x00000000f7280000,0x00000000f7280000,0x00000000f7980000)
 ParOldGen       total 349696K, used 349688K [0x00000000e0000000, 0x00000000f5580000, 0x00000000f5580000)
  object space 349696K, 99% used [0x00000000e0000000,0x00000000f557e3b0,0x00000000f5580000)
 Metaspace       used 59250K, committed 60416K, reserved 1105920K
  class space    used 5913K, committed 6336K, reserved 1048576K
}
Event: 424.284 GC heap after
{Heap after GC invocations=379 (full 236):
 PSYoungGen      total 26112K, used 18944K [0x00000000f5580000, 0x00000000f7980000, 0x0000000100000000)
  eden space 18944K, 100% used [0x00000000f5580000,0x00000000f6800000,0x00000000f6800000)
  from space 7168K, 0% used [0x00000000f7280000,0x00000000f7280000,0x00000000f7980000)
  to   space 8192K, 0% used [0x00000000f6800000,0x00000000f6800000,0x00000000f7000000)
 ParOldGen       total 349696K, used 349688K [0x00000000e0000000, 0x00000000f5580000, 0x00000000f5580000)
  object space 349696K, 99% used [0x00000000e0000000,0x00000000f557e3b0,0x00000000f5580000)
 Metaspace       used 59250K, committed 60416K, reserved 1105920K
  class space    used 5913K, committed 6336K, reserved 1048576K
}
Event: 424.285 GC heap before
{Heap before GC invocations=380 (full 237):
 PSYoungGen      total 26112K, used 18944K [0x00000000f5580000, 0x00000000f7980000, 0x0000000100000000)
  eden space 18944K, 100% used [0x00000000f5580000,0x00000000f6800000,0x00000000f6800000)
  from space 7168K, 0% used [0x00000000f7280000,0x00000000f7280000,0x00000000f7980000)
  to   space 8192K, 0% used [0x00000000f6800000,0x00000000f6800000,0x00000000f7000000)
 ParOldGen       total 349696K, used 349693K [0x00000000e0000000, 0x00000000f5580000, 0x00000000f5580000)
  object space 349696K, 99% used [0x00000000e0000000,0x00000000f557f6a8,0x00000000f5580000)
 Metaspace       used 59250K, committed 60416K, reserved 1105920K
  class space    used 5913K, committed 6336K, reserved 1048576K
}
Event: 425.812 GC heap after
{Heap after GC invocations=380 (full 237):
 PSYoungGen      total 27136K, used 18943K [0x00000000f5580000, 0x00000000f7980000, 0x0000000100000000)
  eden space 18944K, 99% used [0x00000000f5580000,0x00000000f67fff98,0x00000000f6800000)
  from space 8192K, 0% used [0x00000000f6800000,0x00000000f6800000,0x00000000f7000000)
  to   space 7168K, 0% used [0x00000000f7280000,0x00000000f7280000,0x00000000f7980000)
 ParOldGen       total 349696K, used 349691K [0x00000000e0000000, 0x00000000f5580000, 0x00000000f5580000)
  object space 349696K, 99% used [0x00000000e0000000,0x00000000f557ee80,0x00000000f5580000)
 Metaspace       used 59250K, committed 60416K, reserved 1105920K
  class space    used 5913K, committed 6336K, reserved 1048576K
}
Event: 425.812 GC heap before
{Heap before GC invocations=381 (full 238):
 PSYoungGen      total 27136K, used 18943K [0x00000000f5580000, 0x00000000f7980000, 0x0000000100000000)
  eden space 18944K, 99% used [0x00000000f5580000,0x00000000f67fff98,0x00000000f6800000)
  from space 8192K, 0% used [0x00000000f6800000,0x00000000f6800000,0x00000000f7000000)
  to   space 7168K, 0% used [0x00000000f7280000,0x00000000f7280000,0x00000000f7980000)
 ParOldGen       total 349696K, used 349691K [0x00000000e0000000, 0x00000000f5580000, 0x00000000f5580000)
  object space 349696K, 99% used [0x00000000e0000000,0x00000000f557ee80,0x00000000f5580000)
 Metaspace       used 59250K, committed 60416K, reserved 1105920K
  class space    used 5913K, committed 6336K, reserved 1048576K
}
Event: 427.185 GC heap after
{Heap after GC invocations=381 (full 238):
 PSYoungGen      total 26112K, used 18943K [0x00000000f5580000, 0x00000000f7980000, 0x0000000100000000)
  eden space 18944K, 99% used [0x00000000f5580000,0x00000000f67fff98,0x00000000f6800000)
  from space 7168K, 0% used [0x00000000f7280000,0x00000000f7280000,0x00000000f7980000)
  to   space 8192K, 0% used [0x00000000f6800000,0x00000000f6800000,0x00000000f7000000)
 ParOldGen       total 349696K, used 349691K [0x00000000e0000000, 0x00000000f5580000, 0x00000000f5580000)
  object space 349696K, 99% used [0x00000000e0000000,0x00000000f557ee80,0x00000000f5580000)
 Metaspace       used 59250K, committed 60416K, reserved 1105920K
  class space    used 5913K, committed 6336K, reserved 1048576K
}
Event: 427.195 GC heap before
{Heap before GC invocations=382 (full 239):
 PSYoungGen      total 26112K, used 18943K [0x00000000f5580000, 0x00000000f7980000, 0x0000000100000000)
  eden space 18944K, 99% used [0x00000000f5580000,0x00000000f67ffff8,0x00000000f6800000)
  from space 7168K, 0% used [0x00000000f7280000,0x00000000f7280000,0x00000000f7980000)
  to   space 8192K, 0% used [0x00000000f6800000,0x00000000f6800000,0x00000000f7000000)
 ParOldGen       total 349696K, used 349692K [0x00000000e0000000, 0x00000000f5580000, 0x00000000f5580000)
  object space 349696K, 99% used [0x00000000e0000000,0x00000000f557f3a8,0x00000000f5580000)
 Metaspace       used 59250K, committed 60416K, reserved 1105920K
  class space    used 5913K, committed 6336K, reserved 1048576K
}
Event: 428.631 GC heap after
{Heap after GC invocations=382 (full 239):
 PSYoungGen      total 27136K, used 18943K [0x00000000f5580000, 0x00000000f7980000, 0x0000000100000000)
  eden space 18944K, 99% used [0x00000000f5580000,0x00000000f67fffc0,0x00000000f6800000)
  from space 8192K, 0% used [0x00000000f6800000,0x00000000f6800000,0x00000000f7000000)
  to   space 7168K, 0% used [0x00000000f7280000,0x00000000f7280000,0x00000000f7980000)
 ParOldGen       total 349696K, used 349689K [0x00000000e0000000, 0x00000000f5580000, 0x00000000f5580000)
  object space 349696K, 99% used [0x00000000e0000000,0x00000000f557e680,0x00000000f5580000)
 Metaspace       used 59250K, committed 60416K, reserved 1105920K
  class space    used 5913K, committed 6336K, reserved 1048576K
}
Event: 428.631 GC heap before
{Heap before GC invocations=383 (full 240):
 PSYoungGen      total 27136K, used 18943K [0x00000000f5580000, 0x00000000f7980000, 0x0000000100000000)
  eden space 18944K, 99% used [0x00000000f5580000,0x00000000f67fffc0,0x00000000f6800000)
  from space 8192K, 0% used [0x00000000f6800000,0x00000000f6800000,0x00000000f7000000)
  to   space 7168K, 0% used [0x00000000f7280000,0x00000000f7280000,0x00000000f7980000)
 ParOldGen       total 349696K, used 349689K [0x00000000e0000000, 0x00000000f5580000, 0x00000000f5580000)
  object space 349696K, 99% used [0x00000000e0000000,0x00000000f557e680,0x00000000f5580000)
 Metaspace       used 59250K, committed 60416K, reserved 1105920K
  class space    used 5913K, committed 6336K, reserved 1048576K
}
Event: 430.083 GC heap after
{Heap after GC invocations=383 (full 240):
 PSYoungGen      total 26112K, used 18943K [0x00000000f5580000, 0x00000000f7980000, 0x0000000100000000)
  eden space 18944K, 99% used [0x00000000f5580000,0x00000000f67fffc0,0x00000000f6800000)
  from space 7168K, 0% used [0x00000000f7280000,0x00000000f7280000,0x00000000f7980000)
  to   space 8192K, 0% used [0x00000000f6800000,0x00000000f6800000,0x00000000f7000000)
 ParOldGen       total 349696K, used 349689K [0x00000000e0000000, 0x00000000f5580000, 0x00000000f5580000)
  object space 349696K, 99% used [0x00000000e0000000,0x00000000f557e680,0x00000000f5580000)
 Metaspace       used 59250K, committed 60416K, reserved 1105920K
  class space    used 5913K, committed 6336K, reserved 1048576K
}
Event: 430.085 GC heap before
{Heap before GC invocations=384 (full 241):
 PSYoungGen      total 26112K, used 18943K [0x00000000f5580000, 0x00000000f7980000, 0x0000000100000000)
  eden space 18944K, 99% used [0x00000000f5580000,0x00000000f67fffe0,0x00000000f6800000)
  from space 7168K, 0% used [0x00000000f7280000,0x00000000f7280000,0x00000000f7980000)
  to   space 8192K, 0% used [0x00000000f6800000,0x00000000f6800000,0x00000000f7000000)
 ParOldGen       total 349696K, used 349689K [0x00000000e0000000, 0x00000000f5580000, 0x00000000f5580000)
  object space 349696K, 99% used [0x00000000e0000000,0x00000000f557e680,0x00000000f5580000)
 Metaspace       used 59250K, committed 60416K, reserved 1105920K
  class space    used 5913K, committed 6336K, reserved 1048576K
}
Event: 431.688 GC heap after
{Heap after GC invocations=384 (full 241):
 PSYoungGen      total 27136K, used 18943K [0x00000000f5580000, 0x00000000f7980000, 0x0000000100000000)
  eden space 18944K, 99% used [0x00000000f5580000,0x00000000f67fffe0,0x00000000f6800000)
  from space 8192K, 0% used [0x00000000f6800000,0x00000000f6800000,0x00000000f7000000)
  to   space 7168K, 0% used [0x00000000f7280000,0x00000000f7280000,0x00000000f7980000)
 ParOldGen       total 349696K, used 349688K [0x00000000e0000000, 0x00000000f5580000, 0x00000000f5580000)
  object space 349696K, 99% used [0x00000000e0000000,0x00000000f557e0e0,0x00000000f5580000)
 Metaspace       used 59250K, committed 60416K, reserved 1105920K
  class space    used 5913K, committed 6336K, reserved 1048576K
}
Event: 431.688 GC heap before
{Heap before GC invocations=385 (full 242):
 PSYoungGen      total 27136K, used 18944K [0x00000000f5580000, 0x00000000f7980000, 0x0000000100000000)
  eden space 18944K, 100% used [0x00000000f5580000,0x00000000f6800000,0x00000000f6800000)
  from space 8192K, 0% used [0x00000000f6800000,0x00000000f6800000,0x00000000f7000000)
  to   space 7168K, 0% used [0x00000000f7280000,0x00000000f7280000,0x00000000f7980000)
 ParOldGen       total 349696K, used 349695K [0x00000000e0000000, 0x00000000f5580000, 0x00000000f5580000)
  object space 349696K, 99% used [0x00000000e0000000,0x00000000f557fe78,0x00000000f5580000)
 Metaspace       used 59250K, committed 60416K, reserved 1105920K
  class space    used 5913K, committed 6336K, reserved 1048576K
}
Event: 433.093 GC heap after
{Heap after GC invocations=385 (full 242):
 PSYoungGen      total 26112K, used 18941K [0x00000000f5580000, 0x00000000f7980000, 0x0000000100000000)
  eden space 18944K, 99% used [0x00000000f5580000,0x00000000f67ff710,0x00000000f6800000)
  from space 7168K, 0% used [0x00000000f7280000,0x00000000f7280000,0x00000000f7980000)
  to   space 8192K, 0% used [0x00000000f6800000,0x00000000f6800000,0x00000000f7000000)
 ParOldGen       total 349696K, used 349695K [0x00000000e0000000, 0x00000000f5580000, 0x00000000f5580000)
  object space 349696K, 99% used [0x00000000e0000000,0x00000000f557fd58,0x00000000f5580000)
 Metaspace       used 59250K, committed 60416K, reserved 1105920K
  class space    used 5913K, committed 6336K, reserved 1048576K
}
Event: 433.094 GC heap before
{Heap before GC invocations=386 (full 243):
 PSYoungGen      total 26112K, used 18944K [0x00000000f5580000, 0x00000000f7980000, 0x0000000100000000)
  eden space 18944K, 100% used [0x00000000f5580000,0x00000000f6800000,0x00000000f6800000)
  from space 7168K, 0% used [0x00000000f7280000,0x00000000f7280000,0x00000000f7980000)
  to   space 8192K, 0% used [0x00000000f6800000,0x00000000f6800000,0x00000000f7000000)
 ParOldGen       total 349696K, used 349695K [0x00000000e0000000, 0x00000000f5580000, 0x00000000f5580000)
  object space 349696K, 99% used [0x00000000e0000000,0x00000000f557fd58,0x00000000f5580000)
 Metaspace       used 59250K, committed 60416K, reserved 1105920K
  class space    used 5913K, committed 6336K, reserved 1048576K
}
Event: 434.505 GC heap after
{Heap after GC invocations=386 (full 243):
 PSYoungGen      total 27136K, used 18942K [0x00000000f5580000, 0x00000000f7980000, 0x0000000100000000)
  eden space 18944K, 99% used [0x00000000f5580000,0x00000000f67ff878,0x00000000f6800000)
  from space 8192K, 0% used [0x00000000f6800000,0x00000000f6800000,0x00000000f7000000)
  to   space 7168K, 0% used [0x00000000f7280000,0x00000000f7280000,0x00000000f7980000)
 ParOldGen       total 349696K, used 349695K [0x00000000e0000000, 0x00000000f5580000, 0x00000000f5580000)
  object space 349696K, 99% used [0x00000000e0000000,0x00000000f557fd58,0x00000000f5580000)
 Metaspace       used 59250K, committed 60416K, reserved 1105920K
  class space    used 5913K, committed 6336K, reserved 1048576K
}
Event: 434.506 GC heap before
{Heap before GC invocations=387 (full 244):
 PSYoungGen      total 27136K, used 18943K [0x00000000f5580000, 0x00000000f7980000, 0x0000000100000000)
  eden space 18944K, 99% used [0x00000000f5580000,0x00000000f67ffe78,0x00000000f6800000)
  from space 8192K, 0% used [0x00000000f6800000,0x00000000f6800000,0x00000000f7000000)
  to   space 7168K, 0% used [0x00000000f7280000,0x00000000f7280000,0x00000000f7980000)
 ParOldGen       total 349696K, used 349695K [0x00000000e0000000, 0x00000000f5580000, 0x00000000f5580000)
  object space 349696K, 99% used [0x00000000e0000000,0x00000000f557fd58,0x00000000f5580000)
 Metaspace       used 59250K, committed 60416K, reserved 1105920K
  class space    used 5913K, committed 6336K, reserved 1048576K
}
Event: 435.911 GC heap after
{Heap after GC invocations=387 (full 244):
 PSYoungGen      total 26112K, used 18943K [0x00000000f5580000, 0x00000000f7980000, 0x0000000100000000)
  eden space 18944K, 99% used [0x00000000f5580000,0x00000000f67ffda8,0x00000000f6800000)
  from space 7168K, 0% used [0x00000000f7280000,0x00000000f7280000,0x00000000f7980000)
  to   space 8192K, 0% used [0x00000000f6800000,0x00000000f6800000,0x00000000f7000000)
 ParOldGen       total 349696K, used 349695K [0x00000000e0000000, 0x00000000f5580000, 0x00000000f5580000)
  object space 349696K, 99% used [0x00000000e0000000,0x00000000f557fd28,0x00000000f5580000)
 Metaspace       used 59250K, committed 60416K, reserved 1105920K
  class space    used 5913K, committed 6336K, reserved 1048576K
}
Event: 435.911 GC heap before
{Heap before GC invocations=388 (full 245):
 PSYoungGen      total 26112K, used 18943K [0x00000000f5580000, 0x00000000f7980000, 0x0000000100000000)
  eden space 18944K, 99% used [0x00000000f5580000,0x00000000f67ffda8,0x00000000f6800000)
  from space 7168K, 0% used [0x00000000f7280000,0x00000000f7280000,0x00000000f7980000)
  to   space 8192K, 0% used [0x00000000f6800000,0x00000000f6800000,0x00000000f7000000)
 ParOldGen       total 349696K, used 349695K [0x00000000e0000000, 0x00000000f5580000, 0x00000000f5580000)
  object space 349696K, 99% used [0x00000000e0000000,0x00000000f557fd28,0x00000000f5580000)
 Metaspace       used 59250K, committed 60416K, reserved 1105920K
  class space    used 5913K, committed 6336K, reserved 1048576K
}
Event: 437.294 GC heap after
{Heap after GC invocations=388 (full 245):
 PSYoungGen      total 27136K, used 18943K [0x00000000f5580000, 0x00000000f7980000, 0x0000000100000000)
  eden space 18944K, 99% used [0x00000000f5580000,0x00000000f67ffda8,0x00000000f6800000)
  from space 8192K, 0% used [0x00000000f6800000,0x00000000f6800000,0x00000000f7000000)
  to   space 7168K, 0% used [0x00000000f7280000,0x00000000f7280000,0x00000000f7980000)
 ParOldGen       total 349696K, used 349695K [0x00000000e0000000, 0x00000000f5580000, 0x00000000f5580000)
  object space 349696K, 99% used [0x00000000e0000000,0x00000000f557fd28,0x00000000f5580000)
 Metaspace       used 59250K, committed 60416K, reserved 1105920K
  class space    used 5913K, committed 6336K, reserved 1048576K
}

