# JRE version: OpenJDK Runtime Environment GraalVM CE 22.3.0 (17.0.5+8) (build 17.0.5+8-jvmci-22.3-b08)
# Java VM: OpenJDK 64-Bit Server VM GraalVM CE 22.3.0 (17.0.5+8-jvmci-22.3-b08, mixed mode, sharing, tiered, jvmci, jvmci compiler, compressed oops, compressed class ptrs, parallel gc, linux-amd64)
GC Precious Log:
 CPUs: 8 total, 1 available
 Memory: 1024M
 Large Page Support: Disabled
 NUMA Support: Disabled
 Compressed Oops: Enabled (32-bit)
 Alignments: Space 512K, Generation 512K, Heap 2M
 Heap Min Capacity: 100M
 Heap Initial Capacity: 100M
 Heap Max Capacity: 512M
 Pre-touch: Disabled
 Parallel Workers: 1
Heap:
 PSYoungGen      total 23040K, used 7680K [0x00000000f5580000, 0x00000000f7b80000, 0x0000000100000000)
  eden space 7680K, 100% used [0x00000000f5580000,0x00000000f5d00000,0x00000000f5d00000)
  from space 15360K, 0% used [0x00000000f5d00000,0x00000000f5d00000,0x00000000f6c00000)
  to   space 6656K, 0% used [0x00000000f6c00000,0x00000000f6c00000,0x00000000f7280000)
 ParOldGen       total 349696K, used 349695K [0x00000000e0000000, 0x00000000f5580000, 0x00000000f5580000)
  object space 349696K, 99% used [0x00000000e0000000,0x00000000f557ff88,0x00000000f5580000)
 Metaspace       used 67301K, committed 68288K, reserved 1114112K
  class space    used 6476K, committed 6912K, reserved 1048576K
GC Heap History (20 events):
Event: 2118.104 GC heap before
{Heap before GC invocations=1839 (full 1680):
 PSYoungGen      total 23040K, used 7680K [0x00000000f5580000, 0x00000000f7b80000, 0x0000000100000000)
  eden space 7680K, 100% used [0x00000000f5580000,0x00000000f5d00000,0x00000000f5d00000)
  from space 15360K, 0% used [0x00000000f5d00000,0x00000000f5d00000,0x00000000f6c00000)
  to   space 6656K, 0% used [0x00000000f6c00000,0x00000000f6c00000,0x00000000f7280000)
 ParOldGen       total 349696K, used 349695K [0x00000000e0000000, 0x00000000f5580000, 0x00000000f5580000)
  object space 349696K, 99% used [0x00000000e0000000,0x00000000f557ffe0,0x00000000f5580000)
 Metaspace       used 67301K, committed 68288K, reserved 1114112K
  class space    used 6476K, committed 6912K, reserved 1048576K
}
Event: 2119.285 GC heap after
{Heap after GC invocations=1839 (full 1680):
 PSYoungGen      total 14336K, used 7680K [0x00000000f5580000, 0x00000000f7b80000, 0x0000000100000000)
  eden space 7680K, 100% used [0x00000000f5580000,0x00000000f5d00000,0x00000000f5d00000)
  from space 6656K, 0% used [0x00000000f6c00000,0x00000000f6c00000,0x00000000f7280000)
  to   space 15360K, 0% used [0x00000000f5d00000,0x00000000f5d00000,0x00000000f6c00000)
 ParOldGen       total 349696K, used 349693K [0x00000000e0000000, 0x00000000f5580000, 0x00000000f5580000)
  object space 349696K, 99% used [0x00000000e0000000,0x00000000f557f730,0x00000000f5580000)
 Metaspace       used 67301K, committed 68288K, reserved 1114112K
  class space    used 6476K, committed 6912K, reserved 1048576K
}
Event: 2119.287 GC heap before
{Heap before GC invocations=1840 (full 1681):
 PSYoungGen      total 14336K, used 7680K [0x00000000f5580000, 0x00000000f7b80000, 0x0000000100000000)
  eden space 7680K, 100% used [0x00000000f5580000,0x00000000f5d00000,0x00000000f5d00000)
  from space 6656K, 0% used [0x00000000f6c00000,0x00000000f6c00000,0x00000000f7280000)
  to   space 15360K, 0% used [0x00000000f5d00000,0x00000000f5d00000,0x00000000f6c00000)
 ParOldGen       total 349696K, used 349695K [0x00000000e0000000, 0x00000000f5580000, 0x00000000f5580000)
  object space 349696K, 99% used [0x00000000e0000000,0x00000000f557ffe8,0x00000000f5580000)
 Metaspace       used 67301K, committed 68288K, reserved 1114112K
  class space    used 6476K, committed 6912K, reserved 1048576K
}
Event: 2120.399 GC heap after
{Heap after GC invocations=1840 (full 1681):
 PSYoungGen      total 23040K, used 7680K [0x00000000f5580000, 0x00000000f7b80000, 0x0000000100000000)
  eden space 7680K, 100% used [0x00000000f5580000,0x00000000f5d00000,0x00000000f5d00000)
  from space 15360K, 0% used [0x00000000f5d00000,0x00000000f5d00000,0x00000000f6c00000)
  to   space 6656K, 0% used [0x00000000f6c00000,0x00000000f6c00000,0x00000000f7280000)
 ParOldGen       total 349696K, used 349694K [0x00000000e0000000, 0x00000000f5580000, 0x00000000f5580000)
  object space 349696K, 99% used [0x00000000e0000000,0x00000000f557f880,0x00000000f5580000)
 Metaspace       used 67301K, committed 68288K, reserved 1114112K
  class space    used 6476K, committed 6912K, reserved 1048576K
}
Event: 2120.399 GC heap before
{Heap before GC invocations=1841 (full 1682):
 PSYoungGen      total 23040K, used 7680K [0x00000000f5580000, 0x00000000f7b80000, 0x0000000100000000)
  eden space 7680K, 100% used [0x00000000f5580000,0x00000000f5d00000,0x00000000f5d00000)
  from space 15360K, 0% used [0x00000000f5d00000,0x00000000f5d00000,0x00000000f6c00000)
  to   space 6656K, 0% used [0x00000000f6c00000,0x00000000f6c00000,0x00000000f7280000)
 ParOldGen       total 349696K, used 349694K [0x00000000e0000000, 0x00000000f5580000, 0x00000000f5580000)
  object space 349696K, 99% used [0x00000000e0000000,0x00000000f557f9a8,0x00000000f5580000)
 Metaspace       used 67301K, committed 68288K, reserved 1114112K
  class space    used 6476K, committed 6912K, reserved 1048576K
}
Event: 2121.582 GC heap after
{Heap after GC invocations=1841 (full 1682):
 PSYoungGen      total 14336K, used 7680K [0x00000000f5580000, 0x00000000f7b80000, 0x0000000100000000)
  eden space 7680K, 100% used [0x00000000f5580000,0x00000000f5d00000,0x00000000f5d00000)
  from space 6656K, 0% used [0x00000000f6c00000,0x00000000f6c00000,0x00000000f7280000)
  to   space 15360K, 0% used [0x00000000f5d00000,0x00000000f5d00000,0x00000000f6c00000)
 ParOldGen       total 349696K, used 349694K [0x00000000e0000000, 0x00000000f5580000, 0x00000000f5580000)
  object space 349696K, 99% used [0x00000000e0000000,0x00000000f557f818,0x00000000f5580000)
 Metaspace       used 67301K, committed 68288K, reserved 1114112K
  class space    used 6476K, committed 6912K, reserved 1048576K
}
Event: 2121.582 GC heap before
{Heap before GC invocations=1842 (full 1683):
 PSYoungGen      total 14336K, used 7680K [0x00000000f5580000, 0x00000000f7b80000, 0x0000000100000000)
  eden space 7680K, 100% used [0x00000000f5580000,0x00000000f5d00000,0x00000000f5d00000)
  from space 6656K, 0% used [0x00000000f6c00000,0x00000000f6c00000,0x00000000f7280000)
  to   space 15360K, 0% used [0x00000000f5d00000,0x00000000f5d00000,0x00000000f6c00000)
 ParOldGen       total 349696K, used 349696K [0x00000000e0000000, 0x00000000f5580000, 0x00000000f5580000)
  object space 349696K, 100% used [0x00000000e0000000,0x00000000f5580000,0x00000000f5580000)
 Metaspace       used 67301K, committed 68288K, reserved 1114112K
  class space    used 6476K, committed 6912K, reserved 1048576K
}
Event: 2122.742 GC heap after
{Heap after GC invocations=1842 (full 1683):
 PSYoungGen      total 23040K, used 7680K [0x00000000f5580000, 0x00000000f7b80000, 0x0000000100000000)
  eden space 7680K, 100% used [0x00000000f5580000,0x00000000f5d00000,0x00000000f5d00000)
  from space 15360K, 0% used [0x00000000f5d00000,0x00000000f5d00000,0x00000000f6c00000)
  to   space 6656K, 0% used [0x00000000f6c00000,0x00000000f6c00000,0x00000000f7280000)
 ParOldGen       total 349696K, used 349694K [0x00000000e0000000, 0x00000000f5580000, 0x00000000f5580000)
  object space 349696K, 99% used [0x00000000e0000000,0x00000000f557f928,0x00000000f5580000)
 Metaspace       used 67301K, committed 68288K, reserved 1114112K
  class space    used 6476K, committed 6912K, reserved 1048576K
}
Event: 2122.743 GC heap before
{Heap before GC invocations=1843 (full 1684):
 PSYoungGen      total 23040K, used 7680K [0x00000000f5580000, 0x00000000f7b80000, 0x0000000100000000)
  eden space 7680K, 100% used [0x00000000f5580000,0x00000000f5d00000,0x00000000f5d00000)
  from space 15360K, 0% used [0x00000000f5d00000,0x00000000f5d00000,0x00000000f6c00000)
  to   space 6656K, 0% used [0x00000000f6c00000,0x00000000f6c00000,0x00000000f7280000)
 ParOldGen       total 349696K, used 349694K [0x00000000e0000000, 0x00000000f5580000, 0x00000000f5580000)
  object space 349696K, 99% used [0x00000000e0000000,0x00000000f557fa98,0x00000000f5580000)
 Metaspace       used 67301K, committed 68288K, reserved 1114112K
  class space    used 6476K, committed 6912K, reserved 1048576K
}
Event: 2123.900 GC heap after
{Heap after GC invocations=1843 (full 1684):
 PSYoungGen      total 14336K, used 7680K [0x00000000f5580000, 0x00000000f7b80000, 0x0000000100000000)
  eden space 7680K, 100% used [0x00000000f5580000,0x00000000f5d00000,0x00000000f5d00000)
  from space 6656K, 0% used [0x00000000f6c00000,0x00000000f6c00000,0x00000000f7280000)
  to   space 15360K, 0% used [0x00000000f5d00000,0x00000000f5d00000,0x00000000f6c00000)
 ParOldGen       total 349696K, used 349694K [0x00000000e0000000, 0x00000000f5580000, 0x00000000f5580000)
  object space 349696K, 99% used [0x00000000e0000000,0x00000000f557f928,0x00000000f5580000)
 Metaspace       used 67301K, committed 68288K, reserved 1114112K
  class space    used 6476K, committed 6912K, reserved 1048576K
}
Event: 2123.900 GC heap before
{Heap before GC invocations=1844 (full 1685):
 PSYoungGen      total 14336K, used 7680K [0x00000000f5580000, 0x00000000f7b80000, 0x0000000100000000)
  eden space 7680K, 100% used [0x00000000f5580000,0x00000000f5d00000,0x00000000f5d00000)
  from space 6656K, 0% used [0x00000000f6c00000,0x00000000f6c00000,0x00000000f7280000)
  to   space 15360K, 0% used [0x00000000f5d00000,0x00000000f5d00000,0x00000000f6c00000)
 ParOldGen       total 349696K, used 349695K [0x00000000e0000000, 0x00000000f5580000, 0x00000000f5580000)
  object space 349696K, 99% used [0x00000000e0000000,0x00000000f557ff88,0x00000000f5580000)
 Metaspace       used 67301K, committed 68288K, reserved 1114112K
  class space    used 6476K, committed 6912K, reserved 1048576K
}
Event: 2125.082 GC heap after
{Heap after GC invocations=1844 (full 1685):
 PSYoungGen      total 23040K, used 7680K [0x00000000f5580000, 0x00000000f7b80000, 0x0000000100000000)
  eden space 7680K, 100% used [0x00000000f5580000,0x00000000f5d00000,0x00000000f5d00000)
  from space 15360K, 0% used [0x00000000f5d00000,0x00000000f5d00000,0x00000000f6c00000)
  to   space 6656K, 0% used [0x00000000f6c00000,0x00000000f6c00000,0x00000000f7280000)
 ParOldGen       total 349696K, used 349694K [0x00000000e0000000, 0x00000000f5580000, 0x00000000f5580000)
  object space 349696K, 99% used [0x00000000e0000000,0x00000000f557f908,0x00000000f5580000)
 Metaspace       used 67301K, committed 68288K, reserved 1114112K
  class space    used 6476K, committed 6912K, reserved 1048576K
}
Event: 2125.083 GC heap before
{Heap before GC invocations=1845 (full 1686):
 PSYoungGen      total 23040K, used 7680K [0x00000000f5580000, 0x00000000f7b80000, 0x0000000100000000)
  eden space 7680K, 100% used [0x00000000f5580000,0x00000000f5d00000,0x00000000f5d00000)
  from space 15360K, 0% used [0x00000000f5d00000,0x00000000f5d00000,0x00000000f6c00000)
  to   space 6656K, 0% used [0x00000000f6c00000,0x00000000f6c00000,0x00000000f7280000)
 ParOldGen       total 349696K, used 349695K [0x00000000e0000000, 0x00000000f5580000, 0x00000000f5580000)
  object space 349696K, 99% used [0x00000000e0000000,0x00000000f557ffc8,0x00000000f5580000)
 Metaspace       used 67301K, committed 68288K, reserved 1114112K
  class space    used 6476K, committed 6912K, reserved 1048576K
}
Event: 2126.136 GC heap after
{Heap after GC invocations=1845 (full 1686):
 PSYoungGen      total 14336K, used 7680K [0x00000000f5580000, 0x00000000f7b80000, 0x0000000100000000)
  eden space 7680K, 100% used [0x00000000f5580000,0x00000000f5d00000,0x00000000f5d00000)
  from space 6656K, 0% used [0x00000000f6c00000,0x00000000f6c00000,0x00000000f7280000)
  to   space 15360K, 0% used [0x00000000f5d00000,0x00000000f5d00000,0x00000000f6c00000)
 ParOldGen       total 349696K, used 349694K [0x00000000e0000000, 0x00000000f5580000, 0x00000000f5580000)
  object space 349696K, 99% used [0x00000000e0000000,0x00000000f557f908,0x00000000f5580000)
 Metaspace       used 67301K, committed 68288K, reserved 1114112K
  class space    used 6476K, committed 6912K, reserved 1048576K
}
Event: 2126.136 GC heap before
{Heap before GC invocations=1846 (full 1687):
 PSYoungGen      total 14336K, used 7680K [0x00000000f5580000, 0x00000000f7b80000, 0x0000000100000000)
  eden space 7680K, 100% used [0x00000000f5580000,0x00000000f5d00000,0x00000000f5d00000)
  from space 6656K, 0% used [0x00000000f6c00000,0x00000000f6c00000,0x00000000f7280000)
  to   space 15360K, 0% used [0x00000000f5d00000,0x00000000f5d00000,0x00000000f6c00000)
 ParOldGen       total 349696K, used 349695K [0x00000000e0000000, 0x00000000f5580000, 0x00000000f5580000)
  object space 349696K, 99% used [0x00000000e0000000,0x00000000f557fd70,0x00000000f5580000)
 Metaspace       used 67301K, committed 68288K, reserved 1114112K
  class space    used 6476K, committed 6912K, reserved 1048576K
}
Event: 2127.401 GC heap after
{Heap after GC invocations=1846 (full 1687):
 PSYoungGen      total 23040K, used 7680K [0x00000000f5580000, 0x00000000f7b80000, 0x0000000100000000)
  eden space 7680K, 100% used [0x00000000f5580000,0x00000000f5d00000,0x00000000f5d00000)
  from space 15360K, 0% used [0x00000000f5d00000,0x00000000f5d00000,0x00000000f6c00000)
  to   space 6656K, 0% used [0x00000000f6c00000,0x00000000f6c00000,0x00000000f7280000)
 ParOldGen       total 349696K, used 349694K [0x00000000e0000000, 0x00000000f5580000, 0x00000000f5580000)
  object space 349696K, 99% used [0x00000000e0000000,0x00000000f557f930,0x00000000f5580000)
 Metaspace       used 67301K, committed 68288K, reserved 1114112K
  class space    used 6476K, committed 6912K, reserved 1048576K
}
Event: 2127.401 GC heap before
{Heap before GC invocations=1847 (full 1688):
 PSYoungGen      total 23040K, used 7680K [0x00000000f5580000, 0x00000000f7b80000, 0x0000000100000000)
  eden space 7680K, 100% used [0x00000000f5580000,0x00000000f5d00000,0x00000000f5d00000)
  from space 15360K, 0% used [0x00000000f5d00000,0x00000000f5d00000,0x00000000f6c00000)
  to   space 6656K, 0% used [0x00000000f6c00000,0x00000000f6c00000,0x00000000f7280000)
 ParOldGen       total 349696K, used 349694K [0x00000000e0000000, 0x00000000f5580000, 0x00000000f5580000)
  object space 349696K, 99% used [0x00000000e0000000,0x00000000f557faa0,0x00000000f5580000)
 Metaspace       used 67301K, committed 68288K, reserved 1114112K
  class space    used 6476K, committed 6912K, reserved 1048576K
}
Event: 2128.643 GC heap after
{Heap after GC invocations=1847 (full 1688):
 PSYoungGen      total 14336K, used 7680K [0x00000000f5580000, 0x00000000f7b80000, 0x0000000100000000)
  eden space 7680K, 100% used [0x00000000f5580000,0x00000000f5d00000,0x00000000f5d00000)
  from space 6656K, 0% used [0x00000000f6c00000,0x00000000f6c00000,0x00000000f7280000)
  to   space 15360K, 0% used [0x00000000f5d00000,0x00000000f5d00000,0x00000000f6c00000)
 ParOldGen       total 349696K, used 349694K [0x00000000e0000000, 0x00000000f5580000, 0x00000000f5580000)
  object space 349696K, 99% used [0x00000000e0000000,0x00000000f557f9c0,0x00000000f5580000)
 Metaspace       used 67301K, committed 68288K, reserved 1114112K
  class space    used 6476K, committed 6912K, reserved 1048576K
}
Event: 2128.643 GC heap before
{Heap before GC invocations=1848 (full 1689):
 PSYoungGen      total 14336K, used 7680K [0x00000000f5580000, 0x00000000f7b80000, 0x0000000100000000)
  eden space 7680K, 100% used [0x00000000f5580000,0x00000000f5d00000,0x00000000f5d00000)
  from space 6656K, 0% used [0x00000000f6c00000,0x00000000f6c00000,0x00000000f7280000)
  to   space 15360K, 0% used [0x00000000f5d00000,0x00000000f5d00000,0x00000000f6c00000)
 ParOldGen       total 349696K, used 349694K [0x00000000e0000000, 0x00000000f5580000, 0x00000000f5580000)
  object space 349696K, 99% used [0x00000000e0000000,0x00000000f557f9c0,0x00000000f5580000)
 Metaspace       used 67301K, committed 68288K, reserved 1114112K
  class space    used 6476K, committed 6912K, reserved 1048576K
}
Event: 2130.018 GC heap after
{Heap after GC invocations=1848 (full 1689):
 PSYoungGen      total 23040K, used 7680K [0x00000000f5580000, 0x00000000f7b80000, 0x0000000100000000)
  eden space 7680K, 100% used [0x00000000f5580000,0x00000000f5d00000,0x00000000f5d00000)
  from space 15360K, 0% used [0x00000000f5d00000,0x00000000f5d00000,0x00000000f6c00000)
  to   space 6656K, 0% used [0x00000000f6c00000,0x00000000f6c00000,0x00000000f7280000)
 ParOldGen       total 349696K, used 349694K [0x00000000e0000000, 0x00000000f5580000, 0x00000000f5580000)
  object space 349696K, 99% used [0x00000000e0000000,0x00000000f557f9c0,0x00000000f5580000)
 Metaspace       used 67301K, committed 68288K, reserved 1114112K
  class space    used 6476K, committed 6912K, reserved 1048576K
}

